<?xml version="1.0" encoding="UTF-8"?>
<testsuite name="guru.qa.TextBoxTests" tests="1" skipped="0" failures="0" errors="0" timestamp="2021-10-18T23:42:40" hostname="MacBook-Pro-Administrator.local" time="3.377">
  <properties/>
  <testcase name="positiveFillTests()" classname="guru.qa.TextBoxTests" time="3.377"/>
  <system-out><![CDATA[]]></system-out>
  <system-err><![CDATA[SLF4J: Failed to load class "org.slf4j.impl.StaticLoggerBinder".
SLF4J: Defaulting to no-operation (NOP) logger implementation
SLF4J: See http://www.slf4j.org/codes.html#StaticLoggerBinder for further details.
Starting ChromeDriver 94.0.4606.61 (418b78f5838ed0b1c69bb4e51ea0252171854915-refs/branch-heads/4606@{#1204}) on port 12581
Only local connections are allowed.
Please see https://chromedriver.chromium.org/security-considerations for suggestions on keeping ChromeDriver safe.
ChromeDriver was started successfully.
окт. 19, 2021 2:42:42 AM org.openqa.selenium.remote.ProtocolHandshake createSession
INFO: Detected dialect: W3C
]]></system-err>
</testsuite>
